

*******************************************************************************
Wed Mar 22 13:23:46 2017


FIT:    data read from 'insercion_SIN OPTIMIZAR.dat'
        format = z
        #datapoints = 51
        residuals are weighted equally (unit weight)

function used for fitting: f(x)
fitted parameters initialized with current variable values



 Iteration 0
 WSSR        : 6.56699e+19       delta(WSSR)/WSSR   : 0
 delta(WSSR) : 0                 limit for stopping : 1e-05
 lambda	  : 6.55129e+08

initial set of free parameter values

a0              = 1
a1              = 1
a2              = 1

After 12 iterations the fit converged.
final sum of squares of residuals : 0.0236985
rel. change during last iteration : -4.10368e-07

degrees of freedom    (FIT_NDF)                        : 48
rms of residuals      (FIT_STDFIT) = sqrt(WSSR/ndf)    : 0.0222198
variance of residuals (reduced chisquare) = WSSR/ndf   : 0.000493718

Final set of parameters            Asymptotic Standard Error
=======================            ==========================

a0              = 1.29827e-09      +/- 1.606e-11    (1.237%)
a1              = -8.31901e-07     +/- 8.306e-07    (99.84%)
a2              = 0.00602881       +/- 0.00898      (148.9%)


correlation matrix of the fit parameters:

               a0     a1     a2     
a0              1.000 
a1             -0.967  1.000 
a2              0.730 -0.856  1.000 


*******************************************************************************
Wed Mar 22 13:24:29 2017


FIT:    data read from 'insercion_SIN OPTIMIZAR.dat'
        format = z
        #datapoints = 51
        residuals are weighted equally (unit weight)

function used for fitting: g(x)
fitted parameters initialized with current variable values



 Iteration 0
 WSSR        : 4.29234e+10       delta(WSSR)/WSSR   : 0
 delta(WSSR) : 0                 limit for stopping : 1e-05
 lambda	  : 20514.2

initial set of free parameter values

a3              = 1
a4              = 1

After 7 iterations the fit converged.
final sum of squares of residuals : 3.24828
rel. change during last iteration : -5.30747e-06

degrees of freedom    (FIT_NDF)                        : 49
rms of residuals      (FIT_STDFIT) = sqrt(WSSR/ndf)    : 0.257471
variance of residuals (reduced chisquare) = WSSR/ndf   : 0.0662914

Final set of parameters            Asymptotic Standard Error
=======================            ==========================

a3              = 6.40816e-05      +/- 2.449e-06    (3.822%)
a4              = -0.524098        +/- 0.07106      (13.56%)


correlation matrix of the fit parameters:

               a3     a4     
a3              1.000 
a4             -0.862  1.000 


*******************************************************************************
Wed Mar 22 13:25:06 2017


FIT:    data read from 'insercion_SIN OPTIMIZAR.dat'
        format = z
        #datapoints = 51
        residuals are weighted equally (unit weight)

function used for fitting: h(x)
fitted parameters initialized with current variable values



 Iteration 0
 WSSR        : 6.56699e+19       delta(WSSR)/WSSR   : 0
 delta(WSSR) : 0                 limit for stopping : 1e-05
 lambda	  : 7.03273e+09

initial set of free parameter values

a5              = 1
a6              = 1
a7              = 1
BREAK:          Undefined value during function evaluation

