

*******************************************************************************
Mon Mar 20 23:05:55 2017


FIT:    data read from 'burbuja.dat'
        format = z
        #datapoints = 51
        residuals are weighted equally (unit weight)

function used for fitting: f(x)
	f(x) = a0*x*x+a1*x+a2
fitted parameters initialized with current variable values

iter      chisq       delta/lim  lambda   a0            a1            a2           
   0 6.5669915935e+19   0.00e+00  6.55e+08    1.000000e+00   1.000000e+00   1.000000e+00
  12 1.7825893285e-01  -5.34e-03  6.55e-04    3.562007e-09  -7.735112e-06   1.647652e-02

After 12 iterations the fit converged.
final sum of squares of residuals : 0.178259
rel. change during last iteration : -5.34151e-08

degrees of freedom    (FIT_NDF)                        : 48
rms of residuals      (FIT_STDFIT) = sqrt(WSSR/ndf)    : 0.0609404
variance of residuals (reduced chisquare) = WSSR/ndf   : 0.00371373

Final set of parameters            Asymptotic Standard Error
=======================            ==========================
a0              = 3.56201e-09      +/- 4.406e-11    (1.237%)
a1              = -7.73511e-06     +/- 2.278e-06    (29.45%)
a2              = 0.0164765        +/- 0.02463      (149.5%)

correlation matrix of the fit parameters:
                a0     a1     a2     
a0              1.000 
a1             -0.967  1.000 
a2              0.730 -0.856  1.000 


*******************************************************************************
Mon Mar 20 23:10:33 2017


FIT:    data read from 'burbujaOP.dat'
        format = z
        #datapoints = 51
        residuals are weighted equally (unit weight)

function used for fitting: f(x)
	f(x) = a0*x*x+a1*x+a2
fitted parameters initialized with current variable values

iter      chisq       delta/lim  lambda   a0            a1            a2           
   0 6.5669916162e+19   0.00e+00  6.55e+08    1.000000e+00   1.000000e+00   1.000000e+00
  12 1.1388641977e-01  -8.42e-03  6.55e-04    1.791709e-09  -6.192325e-06   1.303005e-02

After 12 iterations the fit converged.
final sum of squares of residuals : 0.113886
rel. change during last iteration : -8.41941e-08

degrees of freedom    (FIT_NDF)                        : 48
rms of residuals      (FIT_STDFIT) = sqrt(WSSR/ndf)    : 0.0487097
variance of residuals (reduced chisquare) = WSSR/ndf   : 0.00237263

Final set of parameters            Asymptotic Standard Error
=======================            ==========================
a0              = 1.79171e-09      +/- 3.522e-11    (1.966%)
a1              = -6.19233e-06     +/- 1.821e-06    (29.4%)
a2              = 0.0130301        +/- 0.01969      (151.1%)

correlation matrix of the fit parameters:
                a0     a1     a2     
a0              1.000 
a1             -0.967  1.000 
a2              0.730 -0.856  1.000 


*******************************************************************************
Mon Mar 20 23:11:07 2017


FIT:    data read from 'quicksort.dat'
        format = z
        #datapoints = 51
        residuals are weighted equally (unit weight)

function used for fitting: f(x)
	f(x) = a0*x*x+a1*x+a2
fitted parameters initialized with current variable values

iter      chisq       delta/lim  lambda   a0            a1            a2           
   0 1.7521319327e+02   0.00e+00  1.18e+00    1.791709e-09  -6.192325e-06   1.303005e-02
   5 4.7952404258e-05  -6.11e-02  1.18e-05    3.447114e-12   3.967935e-07   9.057233e-04

After 5 iterations the fit converged.
final sum of squares of residuals : 4.79524e-05
rel. change during last iteration : -6.11145e-07

degrees of freedom    (FIT_NDF)                        : 48
rms of residuals      (FIT_STDFIT) = sqrt(WSSR/ndf)    : 0.000999504
variance of residuals (reduced chisquare) = WSSR/ndf   : 9.99008e-07

Final set of parameters            Asymptotic Standard Error
=======================            ==========================
a0              = 3.44711e-12      +/- 7.226e-13    (20.96%)
a1              = 3.96794e-07      +/- 3.736e-08    (9.416%)
a2              = 0.000905723      +/- 0.0004039    (44.6%)

correlation matrix of the fit parameters:
                a0     a1     a2     
a0              1.000 
a1             -0.967  1.000 
a2              0.730 -0.856  1.000 


*******************************************************************************
Mon Mar 20 23:12:21 2017


FIT:    data read from 'quicksortOP.dat'
        format = z
        #datapoints = 51
        residuals are weighted equally (unit weight)

function used for fitting: f(x)
	f(x) = a0*x*x+a1*x+a2
fitted parameters initialized with current variable values

iter      chisq       delta/lim  lambda   a0            a1            a2           
   0 1.0121109177e-02   0.00e+00  7.04e-03    3.447114e-12   3.967935e-07   9.057233e-04
   4 6.1655384204e-07  -9.85e-03  7.04e-07    2.049690e-13   6.113499e-08   1.087441e-05

After 4 iterations the fit converged.
final sum of squares of residuals : 6.16554e-07
rel. change during last iteration : -9.84511e-08

degrees of freedom    (FIT_NDF)                        : 48
rms of residuals      (FIT_STDFIT) = sqrt(WSSR/ndf)    : 0.000113335
variance of residuals (reduced chisquare) = WSSR/ndf   : 1.28449e-08

Final set of parameters            Asymptotic Standard Error
=======================            ==========================
a0              = 2.04969e-13      +/- 8.194e-14    (39.98%)
a1              = 6.1135e-08       +/- 4.236e-09    (6.93%)
a2              = 1.08744e-05      +/- 4.58e-05     (421.2%)

correlation matrix of the fit parameters:
                a0     a1     a2     
a0              1.000 
a1             -0.967  1.000 
a2              0.730 -0.856  1.000 


*******************************************************************************
Mon Mar 20 23:14:55 2017


FIT:    data read from 'burbuja.dat'
        format = z
        #datapoints = 51
        residuals are weighted equally (unit weight)

function used for fitting: f(x)
	f(x) = a0*x*x+a1*x+a2
fitted parameters initialized with current variable values

iter      chisq       delta/lim  lambda   a0            a1            a2           
   0 7.5030134080e+02   0.00e+00  1.03e-03    2.049690e-13   6.113499e-08   1.087441e-05
   5 1.7825893285e-01  -9.52e-05  1.03e-08    3.562007e-09  -7.735112e-06   1.647652e-02

After 5 iterations the fit converged.
final sum of squares of residuals : 0.178259
rel. change during last iteration : -9.51818e-10

degrees of freedom    (FIT_NDF)                        : 48
rms of residuals      (FIT_STDFIT) = sqrt(WSSR/ndf)    : 0.0609404
variance of residuals (reduced chisquare) = WSSR/ndf   : 0.00371373

Final set of parameters            Asymptotic Standard Error
=======================            ==========================
a0              = 3.56201e-09      +/- 4.406e-11    (1.237%)
a1              = -7.73511e-06     +/- 2.278e-06    (29.45%)
a2              = 0.0164765        +/- 0.02463      (149.5%)

correlation matrix of the fit parameters:
                a0     a1     a2     
a0              1.000 
a1             -0.967  1.000 
a2              0.730 -0.856  1.000 


*******************************************************************************
Mon Mar 20 23:15:49 2017


FIT:    data read from 'burbujaOP.dat'
        format = z
        #datapoints = 51
        residuals are weighted equally (unit weight)

function used for fitting: f(x)
	f(x) = a0*x*x+a1*x+a2
fitted parameters initialized with current variable values

iter      chisq       delta/lim  lambda   a0            a1            a2           
   0 1.9764349137e+02   0.00e+00  2.34e+00    3.562007e-09  -7.735112e-06   1.647652e-02
   5 1.1388641977e-01  -5.71e-05  2.34e-05    1.791709e-09  -6.192325e-06   1.303005e-02

After 5 iterations the fit converged.
final sum of squares of residuals : 0.113886
rel. change during last iteration : -5.71077e-10

degrees of freedom    (FIT_NDF)                        : 48
rms of residuals      (FIT_STDFIT) = sqrt(WSSR/ndf)    : 0.0487097
variance of residuals (reduced chisquare) = WSSR/ndf   : 0.00237263

Final set of parameters            Asymptotic Standard Error
=======================            ==========================
a0              = 1.79171e-09      +/- 3.522e-11    (1.966%)
a1              = -6.19233e-06     +/- 1.821e-06    (29.4%)
a2              = 0.0130301        +/- 0.01969      (151.1%)

correlation matrix of the fit parameters:
                a0     a1     a2     
a0              1.000 
a1             -0.967  1.000 
a2              0.730 -0.856  1.000 


*******************************************************************************
Mon Mar 20 23:17:03 2017


FIT:    data read from 'burbuja.dat'
        format = z
        #datapoints = 51
        residuals are weighted equally (unit weight)

function used for fitting: f(x)
	f(x) = a0*x*x+a1*x+a2
fitted parameters initialized with current variable values

iter      chisq       delta/lim  lambda   a0            a1            a2           
   0 1.9770786388e+02   0.00e+00  1.18e+00    1.791709e-09  -6.192325e-06   1.303005e-02
   4 1.7825893285e-01  -6.97e-01  1.18e-04    3.562006e-09  -7.735063e-06   1.647590e-02

After 4 iterations the fit converged.
final sum of squares of residuals : 0.178259
rel. change during last iteration : -6.96676e-06

degrees of freedom    (FIT_NDF)                        : 48
rms of residuals      (FIT_STDFIT) = sqrt(WSSR/ndf)    : 0.0609404
variance of residuals (reduced chisquare) = WSSR/ndf   : 0.00371373

Final set of parameters            Asymptotic Standard Error
=======================            ==========================
a0              = 3.56201e-09      +/- 4.406e-11    (1.237%)
a1              = -7.73506e-06     +/- 2.278e-06    (29.45%)
a2              = 0.0164759        +/- 0.02463      (149.5%)

correlation matrix of the fit parameters:
                a0     a1     a2     
a0              1.000 
a1             -0.967  1.000 
a2              0.730 -0.856  1.000 


*******************************************************************************
Mon Mar 20 23:22:42 2017


FIT:    data read from 'quicksort.dat'
        format = z
        #datapoints = 51
        residuals are weighted equally (unit weight)

function used for fitting: f(x)
	f(x) = x*a0*x**a1+a2*x
fitted parameters initialized with current variable values


Current data point
=========================
#               = 1 out of 51
x               = 3.56201e-09    
z               = 2.4e-05        

Current set of parameters
=========================
a0              = 3.56201e-09    
a1              = -7.73506e-06   
a2              = 0.0164759      

BREAK: Undefined value during function evaluation

*******************************************************************************
Mon Mar 20 23:26:54 2017


FIT:    data read from 'quicksort.dat'
        format = z
        #datapoints = 51
        residuals are weighted equally (unit weight)

function used for fitting: f(x)
	f(x) = x*a0*x**a1+a2*x
fitted parameters initialized with current variable values


Current data point
=========================
#               = 1 out of 51
x               = 3.56201e-09    
z               = 2.4e-05        

Current set of parameters
=========================
a0              = 3.56201e-09    
a1              = -7.73506e-06   
a2              = 0.0164759      

BREAK: Undefined value during function evaluation

*******************************************************************************
Mon Mar 20 23:27:21 2017


FIT:    data read from 'quicksortOP.dat'
        format = z
        #datapoints = 51
        residuals are weighted equally (unit weight)

function used for fitting: f(x)
	f(x) = x*a0*x**a1+a2*x
fitted parameters initialized with current variable values


Current data point
=========================
#               = 1 out of 51
x               = 3.56201e-09    
z               = 1e-06          

Current set of parameters
=========================
a0              = 3.56201e-09    
a1              = -7.73506e-06   
a2              = 0.0164759      

BREAK: Undefined value during function evaluation

*******************************************************************************
Mon Mar 20 23:27:46 2017


FIT:    data read from 'quicksort.dat'
        format = z
        #datapoints = 50
        residuals are weighted equally (unit weight)

function used for fitting: f(x)
	f(x) = x*a0*x**a1+a2*x
fitted parameters initialized with current variable values

iter      chisq       delta/lim  lambda   a0            a1            a2           
   0 1.1651437339e+07   0.00e+00  2.79e+02    3.562006e-09  -7.735063e-06   1.647590e-02
   4 7.3991207655e-05  -1.37e-09  2.79e-02    3.562005e-09  -7.735063e-06   5.506811e-07

After 4 iterations the fit converged.
final sum of squares of residuals : 7.39912e-05
rel. change during last iteration : -1.37373e-14

degrees of freedom    (FIT_NDF)                        : 47
rms of residuals      (FIT_STDFIT) = sqrt(WSSR/ndf)    : 0.0012547
variance of residuals (reduced chisquare) = WSSR/ndf   : 1.57428e-06

Final set of parameters            Asymptotic Standard Error
=======================            ==========================
a0              = 3.56201e-09      +/- 503.8        (1.414e+13%)
a1              = -7.73506e-06     +/- 1.094e+06    (1.415e+13%)
a2              = 5.50681e-07      +/- 503.8        (9.149e+10%)

correlation matrix of the fit parameters:
                a0     a1     a2     
a0              1.000 
a1              1.000  1.000 
a2             -1.000 -1.000  1.000 


*******************************************************************************
Mon Mar 20 23:28:41 2017


FIT:    data read from 'quicksortOP.dat'
        format = z
        #datapoints = 50
        residuals are weighted equally (unit weight)

function used for fitting: f(x)
	f(x) = x*a0*x**a1+a2*x
fitted parameters initialized with current variable values

iter      chisq       delta/lim  lambda   a0            a1            a2           
   0 1.0098732836e-02   0.00e+00  9.32e-03    3.562005e-09  -7.735063e-06   5.506811e-07
   3 7.6654964957e-07  -2.85e-04  9.32e-06    3.541429e-09  -7.734451e-06   6.567929e-08

After 3 iterations the fit converged.
final sum of squares of residuals : 7.6655e-07
rel. change during last iteration : -2.85023e-09

degrees of freedom    (FIT_NDF)                        : 47
rms of residuals      (FIT_STDFIT) = sqrt(WSSR/ndf)    : 0.000127709
variance of residuals (reduced chisquare) = WSSR/ndf   : 1.63096e-08

Final set of parameters            Asymptotic Standard Error
=======================            ==========================
a0              = 3.54143e-09      +/- 90.61        (2.558e+12%)
a1              = -7.73445e-06     +/- 1.979e+05    (2.559e+12%)
a2              = 6.56793e-08      +/- 90.61        (1.38e+11%)

correlation matrix of the fit parameters:
                a0     a1     a2     
a0              1.000 
a1              1.000  1.000 
a2             -1.000 -1.000  1.000 


*******************************************************************************
Mon Mar 20 23:30:20 2017


FIT:    data read from 'quicksort.dat'
        format = z
        #datapoints = 51
        residuals are weighted equally (unit weight)

function used for fitting: f(x)
	f(x) = x*a0*x**a1+a2*x
fitted parameters initialized with current variable values


Current data point
=========================
#               = 1 out of 51
x               = 3.54143e-09    
z               = 2.4e-05        

Current set of parameters
=========================
a0              = 3.54143e-09    
a1              = -7.73445e-06   
a2              = 6.56793e-08    

BREAK: Undefined value during function evaluation

*******************************************************************************
Mon Mar 20 23:30:26 2017


FIT:    data read from 'quicksort.dat'
        format = z
        #datapoints = 50
        residuals are weighted equally (unit weight)

function used for fitting: f(x)
	f(x) = x*a0*x**a1+a2*x
fitted parameters initialized with current variable values

iter      chisq       delta/lim  lambda   a0            a1            a2           
   0 1.0171957494e-02   0.00e+00  1.11e-03    3.541429e-09  -7.734451e-06   6.567929e-08
   3 7.3991210834e-05  -3.05e-03  1.11e-06    4.746448e-09  -7.119232e-06   5.494967e-07

After 3 iterations the fit converged.
final sum of squares of residuals : 7.39912e-05
rel. change during last iteration : -3.05171e-08

degrees of freedom    (FIT_NDF)                        : 47
rms of residuals      (FIT_STDFIT) = sqrt(WSSR/ndf)    : 0.0012547
variance of residuals (reduced chisquare) = WSSR/ndf   : 1.57428e-06

Final set of parameters            Asymptotic Standard Error
=======================            ==========================
a0              = 4.74645e-09      +/- 739.4        (1.558e+13%)
a1              = -7.11923e-06     +/- 1.109e+06    (1.558e+13%)
a2              = 5.49497e-07      +/- 739.4        (1.346e+11%)

correlation matrix of the fit parameters:
                a0     a1     a2     
a0              1.000 
a1              1.000  1.000 
a2             -1.000 -1.000  1.000 


*******************************************************************************
Wed Mar 22 13:10:10 2017


FIT:    data read from 'burbuja.dat'
        format = z
        #datapoints = 51
        residuals are weighted equally (unit weight)

function used for fitting: f(x)
	f(x) = x*a0*x**a1+a2*x
fitted parameters initialized with current variable values

iter      chisq       delta/lim  lambda   a0            a1            a2           
   0 6.5669915849e+19   0.00e+00  7.03e+09    1.000000e+00   1.000000e+00   1.000000e+00

Current data point
=========================
#               = 1 out of 51
x               = -0.254161      
z               = 6e-06          

Current set of parameters
=========================
a0              = -0.254161      
a1              = -0.000383917   
a2              = 0.253277       

BREAK: Undefined value during function evaluation

*******************************************************************************
Wed Mar 22 13:10:50 2017


FIT:    data read from 'burbuja.dat'
        format = z
        #datapoints = 51
        residuals are weighted equally (unit weight)

function used for fitting: g(x)
	g(x) = a0*x*x+a1*x+a2
fitted parameters initialized with current variable values

iter      chisq       delta/lim  lambda   a0            a1            a2           
   0 4.2419184377e+18   0.00e+00  1.67e+08   -2.541609e-01  -3.839168e-04   2.532768e-01
   4 3.4309623570e+02  -2.95e-03  1.67e+04    1.271986e-08  -3.839168e-04   2.532768e-01

After 4 iterations the fit converged.
final sum of squares of residuals : 343.096
rel. change during last iteration : -2.94935e-08

degrees of freedom    (FIT_NDF)                        : 48
rms of residuals      (FIT_STDFIT) = sqrt(WSSR/ndf)    : 2.67354
variance of residuals (reduced chisquare) = WSSR/ndf   : 7.14784

Final set of parameters            Asymptotic Standard Error
=======================            ==========================
a0              = 1.27199e-08      +/- 1.933e-09    (15.2%)
a1              = -0.000383917     +/- 9.994e-05    (26.03%)
a2              = 0.253277         +/- 1.08         (426.6%)

correlation matrix of the fit parameters:
                a0     a1     a2     
a0              1.000 
a1             -0.967  1.000 
a2              0.730 -0.856  1.000 


*******************************************************************************
Wed Mar 22 13:11:29 2017


FIT:    data read from 'burbuja.dat'
        format = z
        #datapoints = 51
        residuals are weighted equally (unit weight)

function used for fitting: h(x)
	h(x) = 2**(a1*x+a0)
fitted parameters initialized with current variable values

iter      chisq       delta/lim  lambda   a0            a1           
   0 7.5286554005e+02   0.00e+00  9.59e-02    1.271986e-08  -3.839168e-04
   8 3.5423938042e+01  -3.40e-03  9.59e-04    1.222570e-08   6.012130e-05

After 8 iterations the fit converged.
final sum of squares of residuals : 35.4239
rel. change during last iteration : -3.40314e-08

degrees of freedom    (FIT_NDF)                        : 49
rms of residuals      (FIT_STDFIT) = sqrt(WSSR/ndf)    : 0.850257
variance of residuals (reduced chisquare) = WSSR/ndf   : 0.722938

Final set of parameters            Asymptotic Standard Error
=======================            ==========================
a0              = 1.22257e-08      +/- 0.1715       (1.403e+09%)
a1              = 6.01213e-05      +/- 4.224e-06    (7.026%)

correlation matrix of the fit parameters:
                a0     a1     
a0              1.000 
a1             -0.967  1.000 


*******************************************************************************
Wed Mar 22 13:12:06 2017


FIT:    data read from 'burbuja.dat'
        format = z
        #datapoints = 51
        residuals are weighted equally (unit weight)

function used for fitting: f(x)
	f(x) = x*a0*x**a1+a2*x
fitted parameters initialized with current variable values

iter      chisq       delta/lim  lambda   a0            a1            a2           
   0 2.7508266576e+09   0.00e+00  4.24e+03    1.222570e-08   6.012130e-05   2.532768e-01
   3 5.1600248693e+01  -9.60e-01  4.24e+00    1.222570e-08   6.012130e-05   1.276398e-04

After 3 iterations the fit converged.
final sum of squares of residuals : 51.6002
rel. change during last iteration : -9.60131e-06

degrees of freedom    (FIT_NDF)                        : 48
rms of residuals      (FIT_STDFIT) = sqrt(WSSR/ndf)    : 1.03682
variance of residuals (reduced chisquare) = WSSR/ndf   : 1.07501

Final set of parameters            Asymptotic Standard Error
=======================            ==========================
a0              = 1.22257e-08      +/- 5660         (4.63e+13%)
a1              = 6.01213e-05      +/- 2.782e+07    (4.627e+13%)
a2              = 0.00012764       +/- 5660         (4.434e+09%)

correlation matrix of the fit parameters:
                a0     a1     a2     
a0              1.000 
a1             -1.000  1.000 
a2             -1.000  1.000  1.000 


*******************************************************************************
Wed Mar 22 13:12:10 2017


FIT:    data read from 'burbuja.dat'
        format = z
        #datapoints = 51
        residuals are weighted equally (unit weight)

function used for fitting: h(x)
	h(x) = 2**(a1*x+a0)
fitted parameters initialized with current variable values

iter      chisq       delta/lim  lambda   a0            a1           
   0 3.5423938042e+01   0.00e+00  4.72e+00    1.222570e-08   6.012130e-05
   1 3.5423938026e+01  -4.55e-05  4.72e-01    1.222570e-08   6.012128e-05

After 1 iterations the fit converged.
final sum of squares of residuals : 35.4239
rel. change during last iteration : -4.54829e-10

degrees of freedom    (FIT_NDF)                        : 49
rms of residuals      (FIT_STDFIT) = sqrt(WSSR/ndf)    : 0.850257
variance of residuals (reduced chisquare) = WSSR/ndf   : 0.722938

Final set of parameters            Asymptotic Standard Error
=======================            ==========================
a0              = 1.22257e-08      +/- 0.1715       (1.403e+09%)
a1              = 6.01213e-05      +/- 4.224e-06    (7.026%)

correlation matrix of the fit parameters:
                a0     a1     
a0              1.000 
a1             -0.967  1.000 


*******************************************************************************
Wed Mar 22 13:12:13 2017


FIT:    data read from 'burbuja.dat'
        format = z
        #datapoints = 51
        residuals are weighted equally (unit weight)

function used for fitting: g(x)
	g(x) = a0*x*x+a1*x+a2
fitted parameters initialized with current variable values

iter      chisq       delta/lim  lambda   a0            a1            a2           
   0 7.0231260297e+03   0.00e+00  8.07e+00    1.222570e-08   6.012128e-05   1.276398e-04
   8 1.7825893285e-01  -1.10e-06  8.07e-08    3.562007e-09  -7.735112e-06   1.647652e-02

After 8 iterations the fit converged.
final sum of squares of residuals : 0.178259
rel. change during last iteration : -1.10332e-11

degrees of freedom    (FIT_NDF)                        : 48
rms of residuals      (FIT_STDFIT) = sqrt(WSSR/ndf)    : 0.0609404
variance of residuals (reduced chisquare) = WSSR/ndf   : 0.00371373

Final set of parameters            Asymptotic Standard Error
=======================            ==========================
a0              = 3.56201e-09      +/- 4.406e-11    (1.237%)
a1              = -7.73511e-06     +/- 2.278e-06    (29.45%)
a2              = 0.0164765        +/- 0.02463      (149.5%)

correlation matrix of the fit parameters:
                a0     a1     a2     
a0              1.000 
a1             -0.967  1.000 
a2              0.730 -0.856  1.000 


*******************************************************************************
Wed Mar 22 13:12:24 2017


FIT:    data read from 'burbuja.dat'
        format = z
        #datapoints = 51
        residuals are weighted equally (unit weight)

function used for fitting: f(x)
	f(x) = x*a0*x**a1+a2*x
fitted parameters initialized with current variable values


Current data point
=========================
#               = 1 out of 51
x               = 3.56201e-09    
z               = 6e-06          

Current set of parameters
=========================
a0              = 3.56201e-09    
a1              = -7.73511e-06   
a2              = 0.0164765      

BREAK: Undefined value during function evaluation

*******************************************************************************
Wed Mar 22 13:19:13 2017


FIT:    data read from 'burbuja.dat'
        format = z
        #datapoints = 51
        residuals are weighted equally (unit weight)

function used for fitting: f(x)
	f(x) = a0*x*x+a1*x+a2
fitted parameters initialized with current variable values

iter      chisq       delta/lim  lambda   a0            a1            a2           
   0 6.5669915935e+19   0.00e+00  6.55e+08    1.000000e+00   1.000000e+00   1.000000e+00
  12 1.7825893285e-01  -5.34e-03  6.55e-04    3.562007e-09  -7.735112e-06   1.647652e-02

After 12 iterations the fit converged.
final sum of squares of residuals : 0.178259
rel. change during last iteration : -5.34151e-08

degrees of freedom    (FIT_NDF)                        : 48
rms of residuals      (FIT_STDFIT) = sqrt(WSSR/ndf)    : 0.0609404
variance of residuals (reduced chisquare) = WSSR/ndf   : 0.00371373

Final set of parameters            Asymptotic Standard Error
=======================            ==========================
a0              = 3.56201e-09      +/- 4.406e-11    (1.237%)
a1              = -7.73511e-06     +/- 2.278e-06    (29.45%)
a2              = 0.0164765        +/- 0.02463      (149.5%)

correlation matrix of the fit parameters:
                a0     a1     a2     
a0              1.000 
a1             -0.967  1.000 
a2              0.730 -0.856  1.000 


*******************************************************************************
Wed Mar 22 13:20:48 2017


FIT:    data read from 'burbuja.dat'
        format = z
        #datapoints = 51
        residuals are weighted equally (unit weight)

function used for fitting: g(x)
	g(x) = a3*x+a4
fitted parameters initialized with current variable values

iter      chisq       delta/lim  lambda   a3            a4           
   0 4.2916591585e+10   0.00e+00  2.05e+04    1.000000e+00   1.000000e+00
   7 2.4451759671e+01  -1.80e-01  2.05e-03    1.703652e-04  -1.438009e+00

After 7 iterations the fit converged.
final sum of squares of residuals : 24.4518
rel. change during last iteration : -1.80419e-06

degrees of freedom    (FIT_NDF)                        : 49
rms of residuals      (FIT_STDFIT) = sqrt(WSSR/ndf)    : 0.70641
variance of residuals (reduced chisquare) = WSSR/ndf   : 0.499016

Final set of parameters            Asymptotic Standard Error
=======================            ==========================
a3              = 0.000170365      +/- 6.72e-06     (3.945%)
a4              = -1.43801         +/- 0.195        (13.56%)

correlation matrix of the fit parameters:
                a3     a4     
a3              1.000 
a4             -0.862  1.000 


*******************************************************************************
Wed Mar 22 13:21:03 2017


FIT:    data read from 'burbuja.dat'
        format = z
        #datapoints = 51
        residuals are weighted equally (unit weight)

function used for fitting: h(x)
	h(x) = x*a5*x**a6+a7*x
fitted parameters initialized with current variable values

iter      chisq       delta/lim  lambda   a5            a6            a7           
   0 6.5669915849e+19   0.00e+00  7.03e+09    1.000000e+00   1.000000e+00   1.000000e+00

Current data point
=========================
#               = 1 out of 51
x               = -0.254161      
z               = 6e-06          

Current set of parameters
=========================
a5              = -0.254161      
a6              = -0.000383917   
a7              = 0.253277       

BREAK: Undefined value during function evaluation

*******************************************************************************
Wed Mar 22 13:51:47 2017


FIT:    data read from 'quicksort.dat'
        format = z
        x range restricted to [0.00000 : 50000.0]
        #datapoints = 51
        residuals are weighted equally (unit weight)

function used for fitting: f(x)
	f(x) = a0*x*x+a1*x+a2
fitted parameters initialized with current variable values

iter      chisq       delta/lim  lambda   a0            a1            a2           
   0 7.4476042243e+02   0.00e+00  2.34e+00    3.562007e-09  -7.735112e-06   1.647652e-02
   6 4.7952404258e-05  -3.29e-09  2.34e-06    3.447114e-12   3.967935e-07   9.057233e-04

After 6 iterations the fit converged.
final sum of squares of residuals : 4.79524e-05
rel. change during last iteration : -3.29258e-14

degrees of freedom    (FIT_NDF)                        : 48
rms of residuals      (FIT_STDFIT) = sqrt(WSSR/ndf)    : 0.000999504
variance of residuals (reduced chisquare) = WSSR/ndf   : 9.99008e-07

Final set of parameters            Asymptotic Standard Error
=======================            ==========================
a0              = 3.44711e-12      +/- 7.226e-13    (20.96%)
a1              = 3.96794e-07      +/- 3.736e-08    (9.416%)
a2              = 0.000905723      +/- 0.0004039    (44.6%)

correlation matrix of the fit parameters:
                a0     a1     a2     
a0              1.000 
a1             -0.967  1.000 
a2              0.730 -0.856  1.000 


*******************************************************************************
Wed Mar 22 13:51:53 2017


FIT:    data read from 'quicksort.dat'
        format = z
        x range restricted to [0.00000 : 50000.0]
        #datapoints = 51
        residuals are weighted equally (unit weight)

function used for fitting: h(x)
	h(x) = x*a5*x**a6+a7*x
fitted parameters initialized with current variable values


Current data point
=========================
#               = 1 out of 51
x               = -0.254161      
z               = 2.4e-05        

Current set of parameters
=========================
a5              = -0.254161      
a6              = -0.000383917   
a7              = 0.253277       

BREAK: Undefined value during function evaluation

*******************************************************************************
Wed Mar 22 13:52:06 2017


FIT:    data read from 'quicksort.dat'
        format = z
        x range restricted to [0.00000 : 50000.0]
        #datapoints = 51
        residuals are weighted equally (unit weight)

function used for fitting: g(x)
	g(x) = a3*x+a4
fitted parameters initialized with current variable values

iter      chisq       delta/lim  lambda   a3            a4           
   0 7.2053390060e+02   0.00e+00  3.64e+00    1.703652e-04  -1.438009e+00
   4 7.0685279213e-05  -4.48e-04  3.64e-04    5.691492e-07  -5.018484e-04

After 4 iterations the fit converged.
final sum of squares of residuals : 7.06853e-05
rel. change during last iteration : -4.48424e-09

degrees of freedom    (FIT_NDF)                        : 49
rms of residuals      (FIT_STDFIT) = sqrt(WSSR/ndf)    : 0.00120106
variance of residuals (reduced chisquare) = WSSR/ndf   : 1.44256e-06

Final set of parameters            Asymptotic Standard Error
=======================            ==========================
a3              = 5.69149e-07      +/- 1.143e-08    (2.008%)
a4              = -0.000501848     +/- 0.0003315    (66.05%)

correlation matrix of the fit parameters:
                a3     a4     
a3              1.000 
a4             -0.862  1.000 


*******************************************************************************
Wed Mar 22 13:52:27 2017


FIT:    data read from 'quicksort.dat'
        format = z
        x range restricted to [0.00000 : 50000.0]
        #datapoints = 51
        residuals are weighted equally (unit weight)

function used for fitting: f(x)
	f(x) = a0*x*x+a1*x+a2
fitted parameters initialized with current variable values

iter      chisq       delta/lim  lambda   a0            a1            a2           
   0 4.7952404258e-05   0.00e+00  7.04e-03    3.447114e-12   3.967935e-07   9.057233e-04
   1 4.7952404258e-05  -4.24e-11  7.04e-04    3.447114e-12   3.967935e-07   9.057233e-04

After 1 iterations the fit converged.
final sum of squares of residuals : 4.79524e-05
rel. change during last iteration : -4.23937e-16

degrees of freedom    (FIT_NDF)                        : 48
rms of residuals      (FIT_STDFIT) = sqrt(WSSR/ndf)    : 0.000999504
variance of residuals (reduced chisquare) = WSSR/ndf   : 9.99008e-07

Final set of parameters            Asymptotic Standard Error
=======================            ==========================
a0              = 3.44711e-12      +/- 7.226e-13    (20.96%)
a1              = 3.96794e-07      +/- 3.736e-08    (9.416%)
a2              = 0.000905723      +/- 0.0004039    (44.6%)

correlation matrix of the fit parameters:
                a0     a1     a2     
a0              1.000 
a1             -0.967  1.000 
a2              0.730 -0.856  1.000 


*******************************************************************************
Wed Mar 22 13:52:30 2017


FIT:    data read from 'quicksort.dat'
        format = z
        x range restricted to [0.00000 : 50000.0]
        #datapoints = 51
        residuals are weighted equally (unit weight)

function used for fitting: g(x)
	g(x) = a3*x+a4
fitted parameters initialized with current variable values

iter      chisq       delta/lim  lambda   a3            a4           
   0 7.0685279213e-05   0.00e+00  1.17e-02    5.691492e-07  -5.018484e-04
   1 7.0685279213e-05  -1.92e-11  1.17e-02    5.691492e-07  -5.018484e-04

After 1 iterations the fit converged.
final sum of squares of residuals : 7.06853e-05
rel. change during last iteration : -1.91731e-16

degrees of freedom    (FIT_NDF)                        : 49
rms of residuals      (FIT_STDFIT) = sqrt(WSSR/ndf)    : 0.00120106
variance of residuals (reduced chisquare) = WSSR/ndf   : 1.44256e-06

Final set of parameters            Asymptotic Standard Error
=======================            ==========================
a3              = 5.69149e-07      +/- 1.143e-08    (2.008%)
a4              = -0.000501848     +/- 0.0003315    (66.05%)

correlation matrix of the fit parameters:
                a3     a4     
a3              1.000 
a4             -0.862  1.000 


*******************************************************************************
Wed Mar 22 13:52:35 2017


FIT:    data read from 'quicksort.dat'
        format = z
        x range restricted to [0.00000 : 50000.0]
        #datapoints = 51
        residuals are weighted equally (unit weight)

function used for fitting: g(x)
	g(x) = a3*x+a4
fitted parameters initialized with current variable values

iter      chisq       delta/lim  lambda   a3            a4           
   0 7.0685279213e-05   0.00e+00  1.17e-02    5.691492e-07  -5.018484e-04
   1 7.0685279213e-05  -1.92e-11  1.17e-02    5.691492e-07  -5.018484e-04

After 1 iterations the fit converged.
final sum of squares of residuals : 7.06853e-05
rel. change during last iteration : -1.91731e-16

degrees of freedom    (FIT_NDF)                        : 49
rms of residuals      (FIT_STDFIT) = sqrt(WSSR/ndf)    : 0.00120106
variance of residuals (reduced chisquare) = WSSR/ndf   : 1.44256e-06

Final set of parameters            Asymptotic Standard Error
=======================            ==========================
a3              = 5.69149e-07      +/- 1.143e-08    (2.008%)
a4              = -0.000501848     +/- 0.0003315    (66.05%)

correlation matrix of the fit parameters:
                a3     a4     
a3              1.000 
a4             -0.862  1.000 


*******************************************************************************
Wed Mar 22 13:56:47 2017


FIT:    data read from 'quicksort.dat'
        format = z
        #datapoints = 51
        residuals are weighted equally (unit weight)

function used for fitting: f(x)
	f(x) = a0*x*x+a1*x+a2
fitted parameters initialized with current variable values

iter      chisq       delta/lim  lambda   a0            a1            a2           
   0 4.7952404258e-05   0.00e+00  7.04e-03    3.447114e-12   3.967935e-07   9.057233e-04
   1 4.7952404258e-05  -1.41e-11  7.04e-04    3.447114e-12   3.967935e-07   9.057233e-04

After 1 iterations the fit converged.
final sum of squares of residuals : 4.79524e-05
rel. change during last iteration : -1.41312e-16

degrees of freedom    (FIT_NDF)                        : 48
rms of residuals      (FIT_STDFIT) = sqrt(WSSR/ndf)    : 0.000999504
variance of residuals (reduced chisquare) = WSSR/ndf   : 9.99008e-07

Final set of parameters            Asymptotic Standard Error
=======================            ==========================
a0              = 3.44711e-12      +/- 7.226e-13    (20.96%)
a1              = 3.96794e-07      +/- 3.736e-08    (9.416%)
a2              = 0.000905723      +/- 0.0004039    (44.6%)

correlation matrix of the fit parameters:
                a0     a1     a2     
a0              1.000 
a1             -0.967  1.000 
a2              0.730 -0.856  1.000 


*******************************************************************************
Wed Mar 22 13:56:52 2017


FIT:    data read from 'quicksort.dat'
        format = z
        #datapoints = 51
        residuals are weighted equally (unit weight)

function used for fitting: g(x)
	g(x) = a3*x+a4
fitted parameters initialized with current variable values

iter      chisq       delta/lim  lambda   a3            a4           
   0 7.0685279213e-05   0.00e+00  1.17e-02    5.691492e-07  -5.018484e-04
   1 7.0685279213e-05   0.00e+00  1.17e-03    5.691492e-07  -5.018484e-04

After 1 iterations the fit converged.
final sum of squares of residuals : 7.06853e-05
rel. change during last iteration : 0

degrees of freedom    (FIT_NDF)                        : 49
rms of residuals      (FIT_STDFIT) = sqrt(WSSR/ndf)    : 0.00120106
variance of residuals (reduced chisquare) = WSSR/ndf   : 1.44256e-06

Final set of parameters            Asymptotic Standard Error
=======================            ==========================
a3              = 5.69149e-07      +/- 1.143e-08    (2.008%)
a4              = -0.000501848     +/- 0.0003315    (66.05%)

correlation matrix of the fit parameters:
                a3     a4     
a3              1.000 
a4             -0.862  1.000 


*******************************************************************************
Wed Mar 22 13:56:57 2017


FIT:    data read from 'quicksort.dat'
        format = z
        #datapoints = 51
        residuals are weighted equally (unit weight)

function used for fitting: h(x)
	h(x) = x*a5*x**a6+a7*x
fitted parameters initialized with current variable values


Current data point
=========================
#               = 1 out of 51
x               = -0.254161      
z               = 2.4e-05        

Current set of parameters
=========================
a5              = -0.254161      
a6              = -0.000383917   
a7              = 0.253277       

BREAK: Undefined value during function evaluation

*******************************************************************************
Wed Mar 22 13:57:53 2017


FIT:    data read from 'quicksort.dat'
        format = z
        #datapoints = 51
        residuals are weighted equally (unit weight)

function used for fitting: h(x)
	h(x) = x*a5*x**a6+a7*x
fitted parameters initialized with current variable values


Current data point
=========================
#               = 1 out of 51
x               = -0.254161      
z               = 2.4e-05        

Current set of parameters
=========================
a5              = -0.254161      
a6              = -0.000383917   
a7              = 0.253277       

BREAK: Undefined value during function evaluation

*******************************************************************************
Wed Mar 22 14:02:20 2017


FIT:    data read from 'burbuja.dat'
        format = z
        #datapoints = 51
        residuals are weighted equally (unit weight)

function used for fitting: f(x)
	f(x) = a0*x*x+a1*x+a2
fitted parameters initialized with current variable values

iter      chisq       delta/lim  lambda   a0            a1            a2           
   0 7.4493863342e+02   0.00e+00  7.04e-03    3.447114e-12   3.967935e-07   9.057233e-04
   4 1.7825893285e-01  -4.22e-03  7.04e-07    3.562007e-09  -7.735112e-06   1.647652e-02

After 4 iterations the fit converged.
final sum of squares of residuals : 0.178259
rel. change during last iteration : -4.2156e-08

degrees of freedom    (FIT_NDF)                        : 48
rms of residuals      (FIT_STDFIT) = sqrt(WSSR/ndf)    : 0.0609404
variance of residuals (reduced chisquare) = WSSR/ndf   : 0.00371373

Final set of parameters            Asymptotic Standard Error
=======================            ==========================
a0              = 3.56201e-09      +/- 4.406e-11    (1.237%)
a1              = -7.73511e-06     +/- 2.278e-06    (29.45%)
a2              = 0.0164765        +/- 0.02463      (149.5%)

correlation matrix of the fit parameters:
                a0     a1     a2     
a0              1.000 
a1             -0.967  1.000 
a2              0.730 -0.856  1.000 


*******************************************************************************
Wed Mar 22 14:02:26 2017


FIT:    data read from 'burbuja.dat'
        format = z
        #datapoints = 51
        residuals are weighted equally (unit weight)

function used for fitting: g(x)
	g(x) = a3*x+a4
fitted parameters initialized with current variable values

iter      chisq       delta/lim  lambda   a3            a4           
   0 7.4498559180e+02   0.00e+00  1.17e-02    5.691492e-07  -5.018484e-04
   4 2.4451759671e+01  -1.53e-01  1.17e-06    1.703652e-04  -1.438009e+00

After 4 iterations the fit converged.
final sum of squares of residuals : 24.4518
rel. change during last iteration : -1.53414e-06

degrees of freedom    (FIT_NDF)                        : 49
rms of residuals      (FIT_STDFIT) = sqrt(WSSR/ndf)    : 0.70641
variance of residuals (reduced chisquare) = WSSR/ndf   : 0.499016

Final set of parameters            Asymptotic Standard Error
=======================            ==========================
a3              = 0.000170365      +/- 6.72e-06     (3.945%)
a4              = -1.43801         +/- 0.195        (13.56%)

correlation matrix of the fit parameters:
                a3     a4     
a3              1.000 
a4             -0.862  1.000 


*******************************************************************************
Wed Mar 22 14:02:33 2017


FIT:    data read from 'burbuja.dat'
        format = z
        #datapoints = 51
        residuals are weighted equally (unit weight)

function used for fitting: h(x)
	h(x) = x*a5*x**a6+a7*x
fitted parameters initialized with current variable values


Current data point
=========================
#               = 1 out of 51
x               = -0.254161      
z               = 6e-06          

Current set of parameters
=========================
a5              = -0.254161      
a6              = -0.000383917   
a7              = 0.253277       

BREAK: Undefined value during function evaluation