

*******************************************************************************
Mon Mar 20 17:35:49 2017


FIT:    data read from 'seleccion.dat'
        format = z
        #datapoints = 51
        residuals are weighted equally (unit weight)

function used for fitting: f(x)
	f(x) = a0*x*x+a1*x+a2
fitted parameters initialized with current variable values

iter      chisq       delta/lim  lambda   a0            a1            a2           
   0 6.5669916176e+19   0.00e+00  6.55e+08    1.000000e+00   1.000000e+00   1.000000e+00
  12 5.8087081838e-03  -1.71e-01  6.55e-04    1.526817e-09   8.894380e-07  -3.361059e-03

After 12 iterations the fit converged.
final sum of squares of residuals : 0.00580871
rel. change during last iteration : -1.70601e-06

degrees of freedom    (FIT_NDF)                        : 48
rms of residuals      (FIT_STDFIT) = sqrt(WSSR/ndf)    : 0.0110007
variance of residuals (reduced chisquare) = WSSR/ndf   : 0.000121015

Final set of parameters            Asymptotic Standard Error
=======================            ==========================
a0              = 1.52682e-09      +/- 7.953e-12    (0.5209%)
a1              = 8.89438e-07      +/- 4.112e-07    (46.23%)
a2              = -0.00336106      +/- 0.004446     (132.3%)

correlation matrix of the fit parameters:
                a0     a1     a2     
a0              1.000 
a1             -0.967  1.000 
a2              0.730 -0.856  1.000 


*******************************************************************************
Mon Mar 20 17:40:50 2017


FIT:    data read from 'floyd.dat'
        format = z
        #datapoints = 40
        residuals are weighted equally (unit weight)

function used for fitting: f(x)
	f(x) = a0*x*x*x+a1*x*x+a2*x+a3
fitted parameters initialized with current variable values

iter      chisq       delta/lim  lambda   a0            a1            a2            a3           
   0 3.8377403762e+02   0.00e+00  1.17e+00    1.526817e-09   8.894380e-07  -3.361059e-03   1.000000e+00
   4 8.6253582809e-01  -1.37e-02  1.17e-04    6.240864e-09   2.207748e-06  -1.107770e-03   9.902872e-02

After 4 iterations the fit converged.
final sum of squares of residuals : 0.862536
rel. change during last iteration : -1.3748e-07

degrees of freedom    (FIT_NDF)                        : 36
rms of residuals      (FIT_STDFIT) = sqrt(WSSR/ndf)    : 0.154788
variance of residuals (reduced chisquare) = WSSR/ndf   : 0.0239593

Final set of parameters            Asymptotic Standard Error
=======================            ==========================
a0              = 6.24086e-09      +/- 1.301e-09    (20.84%)
a1              = 2.20775e-06      +/- 2.027e-06    (91.8%)
a2              = -0.00110777      +/- 0.0009       (81.24%)
a3              = 0.0990287        +/- 0.1078       (108.9%)

correlation matrix of the fit parameters:
                a0     a1     a2     a3     
a0              1.000 
a1             -0.987  1.000 
a2              0.922 -0.971  1.000 
a3             -0.698  0.777 -0.886  1.000 
