

*******************************************************************************
Mon Mar 20 18:04:34 2017


FIT:    data read from 'seleccion_OPTIMIZADO.dat'
        format = z
        #datapoints = 51
        residuals are weighted equally (unit weight)

function used for fitting: f(x)
	f(x) = a0*x*x + a1*x + a2
fitted parameters initialized with current variable values

iter      chisq       delta/lim  lambda   a0            a1            a2           
   0 6.5669916327e+19   0.00e+00  6.55e+08    1.000000e+00   1.000000e+00   1.000000e+00
  12 5.8905766283e-03  -1.68e-01  6.55e-04    3.718459e-10   9.836788e-07  -3.287176e-03

After 12 iterations the fit converged.
final sum of squares of residuals : 0.00589058
rel. change during last iteration : -1.68205e-06

degrees of freedom    (FIT_NDF)                        : 48
rms of residuals      (FIT_STDFIT) = sqrt(WSSR/ndf)    : 0.0110779
variance of residuals (reduced chisquare) = WSSR/ndf   : 0.00012272

Final set of parameters            Asymptotic Standard Error
=======================            ==========================
a0              = 3.71846e-10      +/- 8.009e-12    (2.154%)
a1              = 9.83679e-07      +/- 4.141e-07    (42.1%)
a2              = -0.00328718      +/- 0.004477     (136.2%)

correlation matrix of the fit parameters:
                a0     a1     a2     
a0              1.000 
a1             -0.967  1.000 
a2              0.730 -0.856  1.000 


*******************************************************************************
Mon Mar 20 18:06:39 2017


FIT:    data read from 'floyd_OPTIMIZADO.dat'
        format = z
        #datapoints = 40
        residuals are weighted equally (unit weight)

function used for fitting: f(x)
	f(x) = a0*x*x*x + a1*x*x + a2*x + a3
fitted parameters initialized with current variable values

iter      chisq       delta/lim  lambda   a0            a1            a2            a3           
   0 4.0148773060e+01   0.00e+00  1.11e+00    3.718459e-10   9.836788e-07  -3.287176e-03   1.000000e+00
   5 6.3816480629e-03  -1.06e-03  1.11e-05    1.543890e-09  -5.750446e-07   1.625228e-04  -9.855194e-03

After 5 iterations the fit converged.
final sum of squares of residuals : 0.00638165
rel. change during last iteration : -1.06039e-08

degrees of freedom    (FIT_NDF)                        : 36
rms of residuals      (FIT_STDFIT) = sqrt(WSSR/ndf)    : 0.0133142
variance of residuals (reduced chisquare) = WSSR/ndf   : 0.000177268

Final set of parameters            Asymptotic Standard Error
=======================            ==========================
a0              = 1.54389e-09      +/- 1.119e-10    (7.247%)
a1              = -5.75045e-07     +/- 1.743e-07    (30.32%)
a2              = 0.000162523      +/- 7.741e-05    (47.63%)
a3              = -0.00985519      +/- 0.009276     (94.12%)

correlation matrix of the fit parameters:
                a0     a1     a2     a3     
a0              1.000 
a1             -0.987  1.000 
a2              0.922 -0.971  1.000 
a3             -0.698  0.777 -0.886  1.000 
